<?xml version="1.0" encoding="UTF-8" standalone="yes"?><!DOCTYPE report PUBLIC "-//JACOCO//DTD Report 1.1//EN" "report.dtd"><report name="Produto"><sessioninfo id="DESKTOP-UQNEEHI-46532241" start="1606657023126" dump="1606657027843"/><sessioninfo id="DESKTOP-UQNEEHI-3d84832b" start="1606658053861" dump="1606658057325"/><sessioninfo id="DESKTOP-UQNEEHI-e3d93516" start="1606658168644" dump="1606658172404"/><sessioninfo id="DESKTOP-UQNEEHI-d9ca8230" start="1606658270104" dump="1606658273696"/><sessioninfo id="DESKTOP-UQNEEHI-7e9ae355" start="1606658851877" dump="1606658855042"/><sessioninfo id="DESKTOP-UQNEEHI-80c397bb" start="1606659076414" dump="1606659080436"/><sessioninfo id="DESKTOP-UQNEEHI-c99af3d4" start="1606674735712" dump="1606674739402"/><sessioninfo id="DESKTOP-UQNEEHI-240e325f" start="1606675005733" dump="1606675009101"/><sessioninfo id="DESKTOP-UQNEEHI-2827b73b" start="1606675516383" dump="1606675519417"/><sessioninfo id="DESKTOP-UQNEEHI-6e1927ab" start="1606675622075" dump="1606675624586"/><sessioninfo id="DESKTOP-UQNEEHI-fcad906a" start="1606675981194" dump="1606675984455"/><sessioninfo id="DESKTOP-UQNEEHI-932c1360" start="1606676014020" dump="1606676017542"/><sessioninfo id="DESKTOP-UQNEEHI-f35f4fb3" start="1606676930389" dump="1606676933988"/><sessioninfo id="DESKTOP-UQNEEHI-46397204" start="1606679157527" dump="1606679162110"/><sessioninfo id="DESKTOP-UQNEEHI-dec3dac3" start="1606679285484" dump="1606679290203"/><sessioninfo id="DESKTOP-UQNEEHI-25136d2d" start="1606679390554" dump="1606679394980"/><sessioninfo id="DESKTOP-UQNEEHI-c1f3b0ef" start="1606679559282" dump="1606679563265"/><sessioninfo id="DESKTOP-UQNEEHI-ec34535c" start="1606679638094" dump="1606679642699"/><sessioninfo id="DESKTOP-UQNEEHI-e69a03cc" start="1606683307049" dump="1606683309700"/><sessioninfo id="DESKTOP-UQNEEHI-1e50a206" start="1606683414453" dump="1606683416624"/><sessioninfo id="DESKTOP-UQNEEHI-ff077fe0" start="1606683440978" dump="1606683443263"/><sessioninfo id="DESKTOP-UQNEEHI-c322cb31" start="1606683466931" dump="1606683469118"/><sessioninfo id="DESKTOP-UQNEEHI-1f24aef1" start="1606683533898" dump="1606683536495"/><sessioninfo id="DESKTOP-UQNEEHI-b7498111" start="1606683583613" dump="1606683586460"/><sessioninfo id="DESKTOP-UQNEEHI-96113502" start="1606683677014" dump="1606683680040"/><sessioninfo id="DESKTOP-UQNEEHI-3319a46a" start="1606683758736" dump="1606683761075"/><sessioninfo id="DESKTOP-UQNEEHI-a70ab107" start="1606683779063" dump="1606683781580"/><sessioninfo id="DESKTOP-UQNEEHI-f6182da1" start="1606683822704" dump="1606683825372"/><sessioninfo id="DESKTOP-UQNEEHI-c0e684b6" start="1606683899310" dump="1606683901452"/><sessioninfo id="DESKTOP-UQNEEHI-b4fc4d84" start="1606684095070" dump="1606684097294"/><sessioninfo id="DESKTOP-UQNEEHI-71410f4d" start="1606684492701" dump="1606684494894"/><sessioninfo id="DESKTOP-UQNEEHI-452272b" start="1606684566525" dump="1606684568686"/><sessioninfo id="DESKTOP-UQNEEHI-ea18587f" start="1606684837911" dump="1606684840558"/><sessioninfo id="DESKTOP-UQNEEHI-d1e7661a" start="1606751523712" dump="1606751528021"/><sessioninfo id="DESKTOP-UQNEEHI-79956a26" start="1606751559971" dump="1606751565271"/><sessioninfo id="DESKTOP-UQNEEHI-56c572a0" start="1606752069073" dump="1606752075253"/><sessioninfo id="DESKTOP-UQNEEHI-bdc4bda8" start="1606753664677" dump="1606753668776"/><sessioninfo id="DESKTOP-UQNEEHI-222b6fdd" start="1606754397844" dump="1606754402425"/><sessioninfo id="DESKTOP-UQNEEHI-c704676" start="1606755163082" dump="1606755167710"/><sessioninfo id="DESKTOP-UQNEEHI-be58e401" start="1606755224454" dump="1606755227805"/><sessioninfo id="DESKTOP-UQNEEHI-1c08e93f" start="1606755397934" dump="1606755401136"/><sessioninfo id="DESKTOP-UQNEEHI-8a6c4ea1" start="1606755432530" dump="1606755436624"/><sessioninfo id="DESKTOP-UQNEEHI-395fed6b" start="1606761872095" dump="1606761877100"/><sessioninfo id="DESKTOP-UQNEEHI-c7acdcf9" start="1606761961126" dump="1606761965795"/><sessioninfo id="DESKTOP-UQNEEHI-7ad5ab08" start="1606762001822" dump="1606762006544"/><sessioninfo id="DESKTOP-UQNEEHI-6a119dbe" start="1606762065794" dump="1606762070031"/><sessioninfo id="DESKTOP-UQNEEHI-185c5742" start="1606762083936" dump="1606762087916"/><sessioninfo id="DESKTOP-UQNEEHI-75bbc267" start="1606762113167" dump="1606762118703"/><sessioninfo id="DESKTOP-UQNEEHI-24030357" start="1606762644227" dump="1606762648369"/><sessioninfo id="DESKTOP-UQNEEHI-1759905b" start="1606762736699" dump="1606762739981"/><sessioninfo id="DESKTOP-UQNEEHI-97f102a" start="1606762768161" dump="1606762771920"/><sessioninfo id="DESKTOP-UQNEEHI-4160fe5b" start="1606762848592" dump="1606762852456"/><sessioninfo id="DESKTOP-UQNEEHI-3f343cc7" start="1606762891361" dump="1606762895705"/><sessioninfo id="DESKTOP-UQNEEHI-2b46a01e" start="1606762924033" dump="1606762928130"/><sessioninfo id="DESKTOP-UQNEEHI-15d8cba5" start="1606762960666" dump="1606762965175"/><sessioninfo id="DESKTOP-UQNEEHI-cf7f9b2c" start="1606762986806" dump="1606762990419"/><sessioninfo id="DESKTOP-UQNEEHI-e399f850" start="1606763613826" dump="1606763618289"/><sessioninfo id="DESKTOP-UQNEEHI-7325d862" start="1606764115934" dump="1606764119497"/><sessioninfo id="DESKTOP-UQNEEHI-dbdedb84" start="1606764208032" dump="1606764212530"/><sessioninfo id="DESKTOP-UQNEEHI-f406401b" start="1606764608235" dump="1606764612183"/><sessioninfo id="DESKTOP-UQNEEHI-f1b08c78" start="1606764642444" dump="1606764646173"/><sessioninfo id="DESKTOP-UQNEEHI-dcc3546a" start="1606764743826" dump="1606764747165"/><sessioninfo id="DESKTOP-UQNEEHI-c0dd2a6f" start="1606764979735" dump="1606764983340"/><sessioninfo id="DESKTOP-UQNEEHI-91eb686" start="1606765045084" dump="1606765048707"/><sessioninfo id="DESKTOP-UQNEEHI-197e777e" start="1606765169916" dump="1606765173619"/><sessioninfo id="DESKTOP-UQNEEHI-3dba85e7" start="1606765229497" dump="1606765233146"/><sessioninfo id="DESKTOP-UQNEEHI-36607d25" start="1606765302669" dump="1606765306155"/><sessioninfo id="DESKTOP-UQNEEHI-9b67a6aa" start="1606765328754" dump="1606765332623"/><sessioninfo id="DESKTOP-UQNEEHI-f1c8be9f" start="1606765448847" dump="1606765452103"/><sessioninfo id="DESKTOP-UQNEEHI-ecdbbd44" start="1606765716099" dump="1606765720006"/><sessioninfo id="DESKTOP-UQNEEHI-b27e1b92" start="1606765897793" dump="1606765901351"/><sessioninfo id="DESKTOP-UQNEEHI-56df639" start="1606768679249" dump="1606768682675"/><sessioninfo id="DESKTOP-UQNEEHI-cc32878d" start="1606768840888" dump="1606768843562"/><sessioninfo id="DESKTOP-UQNEEHI-c9d40747" start="1606774603696" dump="1606774608119"/><sessioninfo id="DESKTOP-UQNEEHI-84b60456" start="1606774647587" dump="1606774651040"/><sessioninfo id="DESKTOP-UQNEEHI-a1e97752" start="1606780495543" dump="1606780498125"/><sessioninfo id="DESKTOP-UQNEEHI-bc723598" start="1606780660740" dump="1606780663555"/><sessioninfo id="DESKTOP-UQNEEHI-da57e929" start="1606780738920" dump="1606780741759"/><sessioninfo id="DESKTOP-UQNEEHI-e8b817f4" start="1606781151507" dump="1606781154097"/><sessioninfo id="DESKTOP-UQNEEHI-57301cd3" start="1606781221012" dump="1606781223425"/><sessioninfo id="DESKTOP-UQNEEHI-72fbcac1" start="1606781255042" dump="1606781257530"/><sessioninfo id="DESKTOP-UQNEEHI-2996bb9e" start="1606782212603" dump="1606782215037"/><sessioninfo id="DESKTOP-UQNEEHI-bad5be6f" start="1606782327613" dump="1606782330176"/><sessioninfo id="DESKTOP-UQNEEHI-dedfaab7" start="1606782401820" dump="1606782404844"/><sessioninfo id="DESKTOP-UQNEEHI-db672c58" start="1606782422389" dump="1606782425311"/><sessioninfo id="DESKTOP-UQNEEHI-4e9d446f" start="1606782774273" dump="1606782776756"/><sessioninfo id="DESKTOP-UQNEEHI-cb69d549" start="1606782950408" dump="1606782953345"/><sessioninfo id="DESKTOP-UQNEEHI-4b36f77e" start="1606783974551" dump="1606783977628"/><package name="com/bcopstein"><class name="com/bcopstein/RegraImposto" sourcefilename="RegraImposto.java"/><class name="com/bcopstein/RegraValidacao" sourcefilename="RegraValidacao.java"/><class name="com/bcopstein/Repositorio" sourcefilename="Repositorio.java"/><class name="com/bcopstein/FactoryValidacao" sourcefilename="FactoryValidacao.java"><method name="&lt;init&gt;" desc="(Ljava/time/LocalTime;)V" line="9"><counter type="INSTRUCTION" missed="0" covered="6"/><counter type="LINE" missed="0" covered="3"/><counter type="COMPLEXITY" missed="0" covered="1"/><counter type="METHOD" missed="0" covered="1"/></method><method name="getRegraValidacao" desc="()Lcom/bcopstein/RegraValidacao;" line="14"><counter type="INSTRUCTION" missed="0" covered="20"/><counter type="BRANCH" missed="0" covered="4"/><counter type="LINE" missed="0" covered="4"/><counter type="COMPLEXITY" missed="0" covered="3"/><counter type="METHOD" missed="0" covered="1"/></method><counter type="INSTRUCTION" missed="0" covered="26"/><counter type="BRANCH" missed="0" covered="4"/><counter type="LINE" missed="0" covered="7"/><counter type="COMPLEXITY" missed="0" covered="4"/><counter type="METHOD" missed="0" covered="2"/><counter type="CLASS" missed="0" covered="1"/></class><class name="com/bcopstein/ServicoDeVendas" sourcefilename="ServicoDeVendas.java"><method name="&lt;init&gt;" desc="(Lcom/bcopstein/Produtos;Lcom/bcopstein/Estoque;Lcom/bcopstein/RegraImposto;Lcom/bcopstein/FactoryValidacao;)V" line="11"><counter type="INSTRUCTION" missed="0" covered="15"/><counter type="LINE" missed="0" covered="6"/><counter type="COMPLEXITY" missed="0" covered="1"/><counter type="METHOD" missed="0" covered="1"/></method><method name="valida" desc="(Ljava/util/List;)V" line="19"><counter type="INSTRUCTION" missed="0" covered="10"/><counter type="LINE" missed="0" covered="2"/><counter type="COMPLEXITY" missed="0" covered="1"/><counter type="METHOD" missed="0" covered="1"/></method><method name="calculaSubtotal" desc="(Ljava/util/List;)Ljava/lang/Integer;" line="23"><counter type="INSTRUCTION" missed="0" covered="8"/><counter type="LINE" missed="0" covered="1"/><counter type="COMPLEXITY" missed="0" covered="1"/><counter type="METHOD" missed="0" covered="1"/></method><method name="calculaImpostos" desc="(Ljava/util/List;)Ljava/lang/Integer;" line="27"><counter type="INSTRUCTION" missed="0" covered="7"/><counter type="LINE" missed="0" covered="1"/><counter type="COMPLEXITY" missed="0" covered="1"/><counter type="METHOD" missed="0" covered="1"/></method><method name="calculaPrecoFinal" desc="(Ljava/util/List;)Ljava/lang/Integer;" line="31"><counter type="INSTRUCTION" missed="0" covered="11"/><counter type="LINE" missed="0" covered="1"/><counter type="COMPLEXITY" missed="0" covered="1"/><counter type="METHOD" missed="0" covered="1"/></method><method name="todosValores" desc="(Ljava/util/List;)[Ljava/lang/Integer;" line="35"><counter type="INSTRUCTION" missed="0" covered="23"/><counter type="LINE" missed="0" covered="5"/><counter type="COMPLEXITY" missed="0" covered="1"/><counter type="METHOD" missed="0" covered="1"/></method><method name="lambda$calculaSubtotal$0" desc="(Lcom/bcopstein/ItemVenda;)D" line="23"><counter type="INSTRUCTION" missed="0" covered="3"/><counter type="LINE" missed="0" covered="1"/><counter type="COMPLEXITY" missed="0" covered="1"/><counter type="METHOD" missed="0" covered="1"/></method><counter type="INSTRUCTION" missed="0" covered="77"/><counter type="LINE" missed="0" covered="16"/><counter type="COMPLEXITY" missed="0" covered="7"/><counter type="METHOD" missed="0" covered="7"/><counter type="CLASS" missed="0" covered="1"/></class><class name="com/bcopstein/ValidacaoHorarioComercial" sourcefilename="ValidacaoHorarioComercial.java"><method name="&lt;init&gt;" desc="()V" line="5"><counter type="INSTRUCTION" missed="0" covered="3"/><counter type="LINE" missed="0" covered="1"/><counter type="COMPLEXITY" missed="0" covered="1"/><counter type="METHOD" missed="0" covered="1"/></method><method name="valida" desc="(Lcom/bcopstein/Produtos;Lcom/bcopstein/Estoque;Ljava/util/List;)V" line="9"><counter type="INSTRUCTION" missed="0" covered="45"/><counter type="BRANCH" missed="0" covered="6"/><counter type="LINE" missed="0" covered="10"/><counter type="COMPLEXITY" missed="0" covered="4"/><counter type="METHOD" missed="0" covered="1"/></method><counter type="INSTRUCTION" missed="0" covered="48"/><counter type="BRANCH" missed="0" covered="6"/><counter type="LINE" missed="0" covered="11"/><counter type="COMPLEXITY" missed="0" covered="5"/><counter type="METHOD" missed="0" covered="2"/><counter type="CLASS" missed="0" covered="1"/></class><class name="com/bcopstein/Estoque" sourcefilename="Estoque.java"/><class name="com/bcopstein/RegraImpostoComprasGrandes" sourcefilename="RegraImpostoComprasGrandes.java"><method name="&lt;init&gt;" desc="()V" line="5"><counter type="INSTRUCTION" missed="0" covered="3"/><counter type="LINE" missed="0" covered="1"/><counter type="COMPLEXITY" missed="0" covered="1"/><counter type="METHOD" missed="0" covered="1"/></method><method name="calcular" desc="(Ljava/util/List;)D" line="9"><counter type="INSTRUCTION" missed="0" covered="47"/><counter type="BRANCH" missed="0" covered="4"/><counter type="LINE" missed="0" covered="8"/><counter type="COMPLEXITY" missed="0" covered="3"/><counter type="METHOD" missed="0" covered="1"/></method><method name="lambda$calcular$0" desc="(Lcom/bcopstein/ItemVenda;Lcom/bcopstein/ItemVenda;)I" line="10"><counter type="INSTRUCTION" missed="0" covered="15"/><counter type="LINE" missed="0" covered="1"/><counter type="COMPLEXITY" missed="0" covered="1"/><counter type="METHOD" missed="0" covered="1"/></method><counter type="INSTRUCTION" missed="0" covered="65"/><counter type="BRANCH" missed="0" covered="4"/><counter type="LINE" missed="0" covered="10"/><counter type="COMPLEXITY" missed="0" covered="5"/><counter type="METHOD" missed="0" covered="3"/><counter type="CLASS" missed="0" covered="1"/></class><class name="com/bcopstein/RegraImpostoOriginal" sourcefilename="RegraImpostoOriginal.java"><method name="&lt;init&gt;" desc="()V" line="5"><counter type="INSTRUCTION" missed="0" covered="3"/><counter type="LINE" missed="0" covered="1"/><counter type="COMPLEXITY" missed="0" covered="1"/><counter type="METHOD" missed="0" covered="1"/></method><method name="calcular" desc="(Ljava/util/List;)D" line="8"><counter type="INSTRUCTION" missed="0" covered="10"/><counter type="LINE" missed="0" covered="2"/><counter type="COMPLEXITY" missed="0" covered="1"/><counter type="METHOD" missed="0" covered="1"/></method><method name="lambda$calcular$0" desc="(Lcom/bcopstein/ItemVenda;)D" line="8"><counter type="INSTRUCTION" missed="0" covered="3"/><counter type="LINE" missed="0" covered="1"/><counter type="COMPLEXITY" missed="0" covered="1"/><counter type="METHOD" missed="0" covered="1"/></method><counter type="INSTRUCTION" missed="0" covered="16"/><counter type="LINE" missed="0" covered="3"/><counter type="COMPLEXITY" missed="0" covered="3"/><counter type="METHOD" missed="0" covered="3"/><counter type="CLASS" missed="0" covered="1"/></class><class name="com/bcopstein/SistVendasException" sourcefilename="SistVendasException.java"><method name="&lt;init&gt;" desc="(Lcom/bcopstein/SistVendasException$Causa;)V" line="19"><counter type="INSTRUCTION" missed="0" covered="8"/><counter type="LINE" missed="0" covered="3"/><counter type="COMPLEXITY" missed="0" covered="1"/><counter type="METHOD" missed="0" covered="1"/></method><method name="getCausa" desc="()Lcom/bcopstein/SistVendasException$Causa;" line="24"><counter type="INSTRUCTION" missed="3" covered="0"/><counter type="LINE" missed="1" covered="0"/><counter type="COMPLEXITY" missed="1" covered="0"/><counter type="METHOD" missed="1" covered="0"/></method><counter type="INSTRUCTION" missed="3" covered="8"/><counter type="LINE" missed="1" covered="3"/><counter type="COMPLEXITY" missed="1" covered="1"/><counter type="METHOD" missed="1" covered="1"/><counter type="CLASS" missed="0" covered="1"/></class><class name="com/bcopstein/ItemEstoque" sourcefilename="ItemEstoque.java"><method name="&lt;init&gt;" desc="(II)V" line="9"><counter type="INSTRUCTION" missed="0" covered="23"/><counter type="BRANCH" missed="0" covered="2"/><counter type="LINE" missed="0" covered="8"/><counter type="COMPLEXITY" missed="0" covered="2"/><counter type="METHOD" missed="0" covered="1"/></method><method name="getNroItem" desc="()I" line="21"><counter type="INSTRUCTION" missed="3" covered="0"/><counter type="LINE" missed="1" covered="0"/><counter type="COMPLEXITY" missed="1" covered="0"/><counter type="METHOD" missed="1" covered="0"/></method><method name="getCodigoProduto" desc="()I" line="25"><counter type="INSTRUCTION" missed="3" covered="0"/><counter type="LINE" missed="1" covered="0"/><counter type="COMPLEXITY" missed="1" covered="0"/><counter type="METHOD" missed="1" covered="0"/></method><method name="getQuantidade" desc="()I" line="29"><counter type="INSTRUCTION" missed="0" covered="3"/><counter type="LINE" missed="0" covered="1"/><counter type="COMPLEXITY" missed="0" covered="1"/><counter type="METHOD" missed="0" covered="1"/></method><method name="disponivel" desc="(I)Z" line="33"><counter type="INSTRUCTION" missed="0" covered="8"/><counter type="BRANCH" missed="0" covered="2"/><counter type="LINE" missed="0" covered="1"/><counter type="COMPLEXITY" missed="0" covered="2"/><counter type="METHOD" missed="0" covered="1"/></method><method name="entrada" desc="(I)V" line="37"><counter type="INSTRUCTION" missed="0" covered="14"/><counter type="BRANCH" missed="0" covered="2"/><counter type="LINE" missed="0" covered="4"/><counter type="COMPLEXITY" missed="0" covered="2"/><counter type="METHOD" missed="0" covered="1"/></method><method name="saida" desc="(I)V" line="45"><counter type="INSTRUCTION" missed="0" covered="24"/><counter type="BRANCH" missed="0" covered="4"/><counter type="LINE" missed="0" covered="6"/><counter type="COMPLEXITY" missed="0" covered="3"/><counter type="METHOD" missed="0" covered="1"/></method><method name="&lt;clinit&gt;" desc="()V" line="4"><counter type="INSTRUCTION" missed="0" covered="3"/><counter type="LINE" missed="0" covered="1"/><counter type="COMPLEXITY" missed="0" covered="1"/><counter type="METHOD" missed="0" covered="1"/></method><counter type="INSTRUCTION" missed="6" covered="75"/><counter type="BRANCH" missed="0" covered="10"/><counter type="LINE" missed="2" covered="21"/><counter type="COMPLEXITY" missed="2" covered="11"/><counter type="METHOD" missed="2" covered="6"/><counter type="CLASS" missed="0" covered="1"/></class><class name="com/bcopstein/SistVendasException$Causa" sourcefilename="SistVendasException.java"><method name="&lt;clinit&gt;" desc="()V" line="6"><counter type="INSTRUCTION" missed="0" covered="84"/><counter type="LINE" missed="0" covered="9"/><counter type="COMPLEXITY" missed="0" covered="1"/><counter type="METHOD" missed="0" covered="1"/></method><counter type="INSTRUCTION" missed="0" covered="84"/><counter type="LINE" missed="0" covered="9"/><counter type="COMPLEXITY" missed="0" covered="1"/><counter type="METHOD" missed="0" covered="1"/><counter type="CLASS" missed="0" covered="1"/></class><class name="com/bcopstein/ItemVenda" sourcefilename="ItemVenda.java"><method name="&lt;init&gt;" desc="(IIID)V" line="9"><counter type="INSTRUCTION" missed="0" covered="15"/><counter type="LINE" missed="0" covered="6"/><counter type="COMPLEXITY" missed="0" covered="1"/><counter type="METHOD" missed="0" covered="1"/></method><method name="getNro" desc="()I" line="17"><counter type="INSTRUCTION" missed="3" covered="0"/><counter type="LINE" missed="1" covered="0"/><counter type="COMPLEXITY" missed="1" covered="0"/><counter type="METHOD" missed="1" covered="0"/></method><method name="getCodigoProduto" desc="()I" line="21"><counter type="INSTRUCTION" missed="0" covered="3"/><counter type="LINE" missed="0" covered="1"/><counter type="COMPLEXITY" missed="0" covered="1"/><counter type="METHOD" missed="0" covered="1"/></method><method name="getQuantidade" desc="()I" line="25"><counter type="INSTRUCTION" missed="0" covered="3"/><counter type="LINE" missed="0" covered="1"/><counter type="COMPLEXITY" missed="0" covered="1"/><counter type="METHOD" missed="0" covered="1"/></method><method name="getValorVendido" desc="()D" line="29"><counter type="INSTRUCTION" missed="0" covered="3"/><counter type="LINE" missed="0" covered="1"/><counter type="COMPLEXITY" missed="0" covered="1"/><counter type="METHOD" missed="0" covered="1"/></method><counter type="INSTRUCTION" missed="3" covered="24"/><counter type="LINE" missed="1" covered="9"/><counter type="COMPLEXITY" missed="1" covered="4"/><counter type="METHOD" missed="1" covered="4"/><counter type="CLASS" missed="0" covered="1"/></class><class name="com/bcopstein/Produtos" sourcefilename="Produtos.java"/><class name="com/bcopstein/ValidacaoForaHorarioComercial" sourcefilename="ValidacaoForaHorarioComercial.java"><method name="&lt;init&gt;" desc="()V" line="5"><counter type="INSTRUCTION" missed="0" covered="3"/><counter type="LINE" missed="0" covered="1"/><counter type="COMPLEXITY" missed="0" covered="1"/><counter type="METHOD" missed="0" covered="1"/></method><method name="valida" desc="(Lcom/bcopstein/Produtos;Lcom/bcopstein/Estoque;Ljava/util/List;)V" line="8"><counter type="INSTRUCTION" missed="5" covered="63"/><counter type="BRANCH" missed="1" covered="9"/><counter type="LINE" missed="1" covered="13"/><counter type="COMPLEXITY" missed="1" covered="5"/><counter type="METHOD" missed="0" covered="1"/></method><counter type="INSTRUCTION" missed="5" covered="66"/><counter type="BRANCH" missed="1" covered="9"/><counter type="LINE" missed="1" covered="14"/><counter type="COMPLEXITY" missed="1" covered="6"/><counter type="METHOD" missed="0" covered="2"/><counter type="CLASS" missed="0" covered="1"/></class><class name="com/bcopstein/Produto" sourcefilename="Produto.java"><method name="&lt;init&gt;" desc="(ILjava/lang/String;D)V" line="8"><counter type="INSTRUCTION" missed="0" covered="12"/><counter type="LINE" missed="0" covered="5"/><counter type="COMPLEXITY" missed="0" covered="1"/><counter type="METHOD" missed="0" covered="1"/></method><method name="getCodigo" desc="()I" line="15"><counter type="INSTRUCTION" missed="0" covered="3"/><counter type="LINE" missed="0" covered="1"/><counter type="COMPLEXITY" missed="0" covered="1"/><counter type="METHOD" missed="0" covered="1"/></method><method name="getDescricao" desc="()Ljava/lang/String;" line="19"><counter type="INSTRUCTION" missed="3" covered="0"/><counter type="LINE" missed="1" covered="0"/><counter type="COMPLEXITY" missed="1" covered="0"/><counter type="METHOD" missed="1" covered="0"/></method><method name="getPreco" desc="()D" line="23"><counter type="INSTRUCTION" missed="0" covered="3"/><counter type="LINE" missed="0" covered="1"/><counter type="COMPLEXITY" missed="0" covered="1"/><counter type="METHOD" missed="0" covered="1"/></method><method name="setPreco" desc="(D)V" line="27"><counter type="INSTRUCTION" missed="4" covered="0"/><counter type="LINE" missed="2" covered="0"/><counter type="COMPLEXITY" missed="1" covered="0"/><counter type="METHOD" missed="1" covered="0"/></method><method name="toString" desc="()Ljava/lang/String;" line="32"><counter type="INSTRUCTION" missed="8" covered="0"/><counter type="LINE" missed="1" covered="0"/><counter type="COMPLEXITY" missed="1" covered="0"/><counter type="METHOD" missed="1" covered="0"/></method><counter type="INSTRUCTION" missed="15" covered="18"/><counter type="LINE" missed="4" covered="7"/><counter type="COMPLEXITY" missed="3" covered="3"/><counter type="METHOD" missed="3" covered="3"/><counter type="CLASS" missed="0" covered="1"/></class><sourcefile name="Produtos.java"/><sourcefile name="Repositorio.java"/><sourcefile name="ItemVenda.java"><line nr="9" mi="0" ci="2" mb="0" cb="0"/><line nr="10" mi="0" ci="3" mb="0" cb="0"/><line nr="11" mi="0" ci="3" mb="0" cb="0"/><line nr="12" mi="0" ci="3" mb="0" cb="0"/><line nr="13" mi="0" ci="3" mb="0" cb="0"/><line nr="14" mi="0" ci="1" mb="0" cb="0"/><line nr="17" mi="3" ci="0" mb="0" cb="0"/><line nr="21" mi="0" ci="3" mb="0" cb="0"/><line nr="25" mi="0" ci="3" mb="0" cb="0"/><line nr="29" mi="0" ci="3" mb="0" cb="0"/><counter type="INSTRUCTION" missed="3" covered="24"/><counter type="LINE" missed="1" covered="9"/><counter type="COMPLEXITY" missed="1" covered="4"/><counter type="METHOD" missed="1" covered="4"/><counter type="CLASS" missed="0" covered="1"/></sourcefile><sourcefile name="ValidacaoForaHorarioComercial.java"><line nr="5" mi="0" ci="3" mb="0" cb="0"/><line nr="8" mi="0" ci="4" mb="1" cb="1"/><line nr="9" mi="5" ci="0" mb="0" cb="0"/><line nr="11" mi="0" ci="10" mb="0" cb="2"/><line nr="12" mi="0" ci="7" mb="0" cb="0"/><line nr="13" mi="0" ci="3" mb="0" cb="0"/><line nr="14" mi="0" ci="7" mb="0" cb="0"/><line nr="15" mi="0" ci="2" mb="0" cb="2"/><line nr="16" mi="0" ci="5" mb="0" cb="0"/><line nr="17" mi="0" ci="4" mb="0" cb="2"/><line nr="18" mi="0" ci="5" mb="0" cb="0"/><line nr="19" mi="0" ci="9" mb="0" cb="2"/><line nr="20" mi="0" ci="5" mb="0" cb="0"/><line nr="22" mi="0" ci="1" mb="0" cb="0"/><line nr="23" mi="0" ci="1" mb="0" cb="0"/><counter type="INSTRUCTION" missed="5" covered="66"/><counter type="BRANCH" missed="1" covered="9"/><counter type="LINE" missed="1" covered="14"/><counter type="COMPLEXITY" missed="1" covered="6"/><counter type="METHOD" missed="0" covered="2"/><counter type="CLASS" missed="0" covered="1"/></sourcefile><sourcefile name="RegraImpostoOriginal.java"><line nr="5" mi="0" ci="3" mb="0" cb="0"/><line nr="8" mi="0" ci="9" mb="0" cb="0"/><line nr="9" mi="0" ci="4" mb="0" cb="0"/><counter type="INSTRUCTION" missed="0" covered="16"/><counter type="LINE" missed="0" covered="3"/><counter type="COMPLEXITY" missed="0" covered="3"/><counter type="METHOD" missed="0" covered="3"/><counter type="CLASS" missed="0" covered="1"/></sourcefile><sourcefile name="ServicoDeVendas.java"><line nr="11" mi="0" ci="2" mb="0" cb="0"/><line nr="12" mi="0" ci="3" mb="0" cb="0"/><line nr="13" mi="0" ci="3" mb="0" cb="0"/><line nr="14" mi="0" ci="3" mb="0" cb="0"/><line nr="15" mi="0" ci="3" mb="0" cb="0"/><line nr="16" mi="0" ci="1" mb="0" cb="0"/><line nr="19" mi="0" ci="9" mb="0" cb="0"/><line nr="20" mi="0" ci="1" mb="0" cb="0"/><line nr="23" mi="0" ci="11" mb="0" cb="0"/><line nr="27" mi="0" ci="7" mb="0" cb="0"/><line nr="31" mi="0" ci="11" mb="0" cb="0"/><line nr="35" mi="0" ci="3" mb="0" cb="0"/><line nr="36" mi="0" ci="6" mb="0" cb="0"/><line nr="37" mi="0" ci="6" mb="0" cb="0"/><line nr="38" mi="0" ci="6" mb="0" cb="0"/><line nr="39" mi="0" ci="2" mb="0" cb="0"/><counter type="INSTRUCTION" missed="0" covered="77"/><counter type="LINE" missed="0" covered="16"/><counter type="COMPLEXITY" missed="0" covered="7"/><counter type="METHOD" missed="0" covered="7"/><counter type="CLASS" missed="0" covered="1"/></sourcefile><sourcefile name="ValidacaoHorarioComercial.java"><line nr="5" mi="0" ci="3" mb="0" cb="0"/><line nr="9" mi="0" ci="10" mb="0" cb="2"/><line nr="10" mi="0" ci="7" mb="0" cb="0"/><line nr="11" mi="0" ci="3" mb="0" cb="0"/><line nr="12" mi="0" ci="7" mb="0" cb="0"/><line nr="13" mi="0" ci="2" mb="0" cb="2"/><line nr="14" mi="0" ci="5" mb="0" cb="0"/><line nr="15" mi="0" ci="4" mb="0" cb="2"/><line nr="16" mi="0" ci="5" mb="0" cb="0"/><line nr="17" mi="0" ci="1" mb="0" cb="0"/><line nr="18" mi="0" ci="1" mb="0" cb="0"/><counter type="INSTRUCTION" missed="0" covered="48"/><counter type="BRANCH" missed="0" covered="6"/><counter type="LINE" missed="0" covered="11"/><counter type="COMPLEXITY" missed="0" covered="5"/><counter type="METHOD" missed="0" covered="2"/><counter type="CLASS" missed="0" covered="1"/></sourcefile><sourcefile name="Produto.java"><line nr="8" mi="0" ci="2" mb="0" cb="0"/><line nr="9" mi="0" ci="3" mb="0" cb="0"/><line nr="10" mi="0" ci="3" mb="0" cb="0"/><line nr="11" mi="0" ci="3" mb="0" cb="0"/><line nr="12" mi="0" ci="1" mb="0" cb="0"/><line nr="15" mi="0" ci="3" mb="0" cb="0"/><line nr="19" mi="3" ci="0" mb="0" cb="0"/><line nr="23" mi="0" ci="3" mb="0" cb="0"/><line nr="27" mi="3" ci="0" mb="0" cb="0"/><line nr="28" mi="1" ci="0" mb="0" cb="0"/><line nr="32" mi="8" ci="0" mb="0" cb="0"/><counter type="INSTRUCTION" missed="15" covered="18"/><counter type="LINE" missed="4" covered="7"/><counter type="COMPLEXITY" missed="3" covered="3"/><counter type="METHOD" missed="3" covered="3"/><counter type="CLASS" missed="0" covered="1"/></sourcefile><sourcefile name="RegraValidacao.java"/><sourcefile name="FactoryValidacao.java"><line nr="9" mi="0" ci="2" mb="0" cb="0"/><line nr="10" mi="0" ci="3" mb="0" cb="0"/><line nr="11" mi="0" ci="1" mb="0" cb="0"/><line nr="14" mi="0" ci="7" mb="0" cb="2"/><line nr="15" mi="0" ci="5" mb="0" cb="2"/><line nr="16" mi="0" ci="4" mb="0" cb="0"/><line nr="18" mi="0" ci="4" mb="0" cb="0"/><counter type="INSTRUCTION" missed="0" covered="26"/><counter type="BRANCH" missed="0" covered="4"/><counter type="LINE" missed="0" covered="7"/><counter type="COMPLEXITY" missed="0" covered="4"/><counter type="METHOD" missed="0" covered="2"/><counter type="CLASS" missed="0" covered="1"/></sourcefile><sourcefile name="SistVendasException.java"><line nr="6" mi="0" ci="36" mb="0" cb="0"/><line nr="7" mi="0" ci="6" mb="0" cb="0"/><line nr="8" mi="0" ci="6" mb="0" cb="0"/><line nr="9" mi="0" ci="6" mb="0" cb="0"/><line nr="10" mi="0" ci="6" mb="0" cb="0"/><line nr="11" mi="0" ci="6" mb="0" cb="0"/><line nr="12" mi="0" ci="6" mb="0" cb="0"/><line nr="13" mi="0" ci="6" mb="0" cb="0"/><line nr="14" mi="0" ci="6" mb="0" cb="0"/><line nr="19" mi="0" ci="4" mb="0" cb="0"/><line nr="20" mi="0" ci="3" mb="0" cb="0"/><line nr="21" mi="0" ci="1" mb="0" cb="0"/><line nr="24" mi="3" ci="0" mb="0" cb="0"/><counter type="INSTRUCTION" missed="3" covered="92"/><counter type="LINE" missed="1" covered="12"/><counter type="COMPLEXITY" missed="1" covered="2"/><counter type="METHOD" missed="1" covered="2"/><counter type="CLASS" missed="0" covered="2"/></sourcefile><sourcefile name="Estoque.java"/><sourcefile name="ItemEstoque.java"><line nr="4" mi="0" ci="3" mb="0" cb="0"/><line nr="9" mi="0" ci="2" mb="0" cb="0"/><line nr="10" mi="0" ci="2" mb="0" cb="2"/><line nr="11" mi="0" ci="5" mb="0" cb="0"/><line nr="13" mi="0" ci="3" mb="0" cb="0"/><line nr="14" mi="0" ci="4" mb="0" cb="0"/><line nr="15" mi="0" ci="3" mb="0" cb="0"/><line nr="16" mi="0" ci="3" mb="0" cb="0"/><line nr="18" mi="0" ci="1" mb="0" cb="0"/><line nr="21" mi="3" ci="0" mb="0" cb="0"/><line nr="25" mi="3" ci="0" mb="0" cb="0"/><line nr="29" mi="0" ci="3" mb="0" cb="0"/><line nr="33" mi="0" ci="8" mb="0" cb="2"/><line nr="37" mi="0" ci="2" mb="0" cb="2"/><line nr="38" mi="0" ci="5" mb="0" cb="0"/><line nr="40" mi="0" ci="6" mb="0" cb="0"/><line nr="42" mi="0" ci="1" mb="0" cb="0"/><line nr="45" mi="0" ci="2" mb="0" cb="2"/><line nr="46" mi="0" ci="5" mb="0" cb="0"/><line nr="48" mi="0" ci="5" mb="0" cb="2"/><line nr="49" mi="0" ci="5" mb="0" cb="0"/><line nr="51" mi="0" ci="6" mb="0" cb="0"/><line nr="54" mi="0" ci="1" mb="0" cb="0"/><counter type="INSTRUCTION" missed="6" covered="75"/><counter type="BRANCH" missed="0" covered="10"/><counter type="LINE" missed="2" covered="21"/><counter type="COMPLEXITY" missed="2" covered="11"/><counter type="METHOD" missed="2" covered="6"/><counter type="CLASS" missed="0" covered="1"/></sourcefile><sourcefile name="RegraImposto.java"/><sourcefile name="RegraImpostoComprasGrandes.java"><line nr="5" mi="0" ci="3" mb="0" cb="0"/><line nr="9" mi="0" ci="3" mb="0" cb="0"/><line nr="10" mi="0" ci="15" mb="0" cb="0"/><line nr="12" mi="0" ci="5" mb="0" cb="0"/><line nr="13" mi="0" ci="2" mb="0" cb="0"/><line nr="14" mi="0" ci="7" mb="0" cb="2"/><line nr="15" mi="0" ci="10" mb="0" cb="0"/><line nr="18" mi="0" ci="8" mb="0" cb="2"/><line nr="19" mi="0" ci="10" mb="0" cb="0"/><line nr="21" mi="0" ci="2" mb="0" cb="0"/><counter type="INSTRUCTION" missed="0" covered="65"/><counter type="BRANCH" missed="0" covered="4"/><counter type="LINE" missed="0" covered="10"/><counter type="COMPLEXITY" missed="0" covered="5"/><counter type="METHOD" missed="0" covered="3"/><counter type="CLASS" missed="0" covered="1"/></sourcefile><counter type="INSTRUCTION" missed="32" covered="507"/><counter type="BRANCH" missed="1" covered="33"/><counter type="LINE" missed="9" covered="110"/><counter type="COMPLEXITY" missed="8" covered="50"/><counter type="METHOD" missed="7" covered="34"/><counter type="CLASS" missed="0" covered="11"/></package><counter type="INSTRUCTION" missed="32" covered="507"/><counter type="BRANCH" missed="1" covered="33"/><counter type="LINE" missed="9" covered="110"/><counter type="COMPLEXITY" missed="8" covered="50"/><counter type="METHOD" missed="7" covered="34"/><counter type="CLASS" missed="0" covered="11"/></report>